2023-11-02 21:14:57,351 [Worker-6: Loading available Gradle versions] INFO  o.e.b.c.i.u.g.PublishedGradleVersions - Gradle version information cache is out-of-date. Trying to update.
2023-11-02 21:15:27,415 [Worker-4: Update Maven projects configuration] INFO  o.e.m.c.i.p.ProjectConfigurationManager - Update started
2023-11-02 21:15:30,651 [Worker-4: Update Maven projects configuration] INFO  o.e.m.c.i.l.LifecycleMappingFactory - Using org.eclipse.m2e.jdt.JarLifecycleMapping lifecycle mapping for MavenProject: br.com.sistemagestaoacademia:gestaofinanceiraacademia:0.0.1-SNAPSHOT @ C:\Users\Peu_o\Downloads\gestaofinanceiraacademia\gestaofinanceiraacademia\pom.xml.
2023-11-02 21:15:35,283 [Worker-4: Update Maven projects configuration] INFO  o.e.m.j.i.AbstractJavaProjectConfigurator - Adding source folder /gestaofinanceiraacademia/src/main/java
2023-11-02 21:15:35,284 [Worker-4: Update Maven projects configuration] INFO  o.e.m.j.i.AbstractJavaProjectConfigurator - Adding resource folder /gestaofinanceiraacademia/src/main/resources
2023-11-02 21:15:35,292 [Worker-4: Update Maven projects configuration] INFO  o.e.m.j.i.AbstractJavaProjectConfigurator - Adding resource folder /gestaofinanceiraacademia/src/main/resources
2023-11-02 21:15:35,305 [Worker-4: Update Maven projects configuration] INFO  o.e.m.j.i.AbstractJavaProjectConfigurator - Adding source folder /gestaofinanceiraacademia/src/test/java
2023-11-02 21:15:35,505 [Worker-20: Download sources and javadoc] INFO  o.e.m.c.i.e.AbstractTransferListenerAdapter - Downloading https://repo.maven.apache.org/maven2/com/itextpdf/itextpdf/5.5.13/itextpdf-5.5.13-sources.jar
2023-11-02 21:15:36,106 [Worker-20: Download sources and javadoc] INFO  o.e.m.c.i.e.AbstractTransferListenerAdapter - Downloaded https://repo.maven.apache.org/maven2/com/itextpdf/itextpdf/5.5.13/itextpdf-5.5.13-sources.jar
2023-11-02 21:15:36,112 [Worker-20: Download sources and javadoc] INFO  o.e.m.j.internal.DownloadSourcesJob - Downloaded sources for com.itextpdf:itextpdf:5.5.13
2023-11-02 21:15:36,287 [Worker-20: Download sources and javadoc] INFO  o.e.m.c.i.e.AbstractTransferListenerAdapter - Downloading https://repo.maven.apache.org/maven2/org/springframework/boot/spring-boot-starter-web/3.1.0/spring-boot-starter-web-3.1.0-sources.jar
2023-11-02 21:15:36,383 [Worker-20: Download sources and javadoc] INFO  o.e.m.c.i.e.AbstractTransferListenerAdapter - Downloaded https://repo.maven.apache.org/maven2/org/springframework/boot/spring-boot-starter-web/3.1.0/spring-boot-starter-web-3.1.0-sources.jar
2023-11-02 21:15:36,386 [Worker-20: Download sources and javadoc] INFO  o.e.m.j.internal.DownloadSourcesJob - Downloaded sources for org.springframework.boot:spring-boot-starter-web:3.1.0
2023-11-02 21:15:36,569 [Worker-20: Download sources and javadoc] INFO  o.e.m.c.i.e.AbstractTransferListenerAdapter - Downloading https://repo.maven.apache.org/maven2/org/springframework/boot/spring-boot-starter-test/3.1.0/spring-boot-starter-test-3.1.0-sources.jar
2023-11-02 21:15:36,694 [Worker-20: Download sources and javadoc] INFO  o.e.m.c.i.e.AbstractTransferListenerAdapter - Downloaded https://repo.maven.apache.org/maven2/org/springframework/boot/spring-boot-starter-test/3.1.0/spring-boot-starter-test-3.1.0-sources.jar
2023-11-02 21:15:36,698 [Worker-20: Download sources and javadoc] INFO  o.e.m.j.internal.DownloadSourcesJob - Downloaded sources for org.springframework.boot:spring-boot-starter-test:3.1.0
2023-11-02 21:15:40,208 [Worker-4: Update Maven projects configuration] INFO  o.e.m.c.i.p.ProjectConfigurationManager - Update completed for 1 poms: local refresh takes 0,00 sec, refresh facades takes 6,00 sec, update config takes 6,00 sec 
2023-11-02 21:18:19,359 [Worker-21: Building] INFO  o.e.m.c.i.l.LifecycleMappingFactory - Using org.eclipse.m2e.jdt.JarLifecycleMapping lifecycle mapping for MavenProject: br.com.sistemagestaoacademia:gestaofinanceiraacademia:0.0.1-SNAPSHOT @ C:\Users\Peu_o\Downloads\gestaofinanceiraacademia\gestaofinanceiraacademia\pom.xml.
2023-11-02 21:18:19,919 [Worker-21: Building] INFO  o.a.m.s.f.DefaultMavenResourcesFiltering - Copying 0 resource
2023-11-02 21:18:19,920 [Worker-21: Building] INFO  o.a.m.s.f.DefaultMavenResourcesFiltering - Copying 0 resource
2023-11-02 21:18:19,924 [Worker-21: Building] INFO  o.a.m.s.f.DefaultMavenResourcesFiltering - skip non existing resourceDirectory C:\Users\Peu_o\Downloads\gestaofinanceiraacademia\gestaofinanceiraacademia\src\test\resources
2023-11-02 21:18:23,726 [main] INFO  o.e.m2e.actions.ExecutePomAction - Creating new launch configuration
2023-11-02 21:18:27,729 [Worker-9: Launching gestaofinanceiraacademia] INFO  o.eclipse.m2e.core.internal.Bundles - getClasspathEntries(Bundle=org.eclipse.m2e.maven.runtime_3.8.604.20221130-2149 [603])
2023-11-02 21:18:27,752 [Worker-9: Launching gestaofinanceiraacademia] INFO  o.eclipse.m2e.core.internal.Bundles - 	Entry: C:\Users\Peu_o\.p2\pool\plugins\org.eclipse.m2e.maven.runtime_3.8.604.20221130-2149
2023-11-02 21:18:27,753 [Worker-9: Launching gestaofinanceiraacademia] INFO  o.eclipse.m2e.core.internal.Bundles - 	Entry: C:\Users\Peu_o\.p2\pool\plugins\org.eclipse.m2e.maven.runtime_3.8.604.20221130-2149\jars\aether-connector-okhttp-0.17.8.jar
2023-11-02 21:18:27,754 [Worker-9: Launching gestaofinanceiraacademia] INFO  o.eclipse.m2e.core.internal.Bundles - 	Entry: C:\Users\Peu_o\.p2\pool\plugins\org.eclipse.m2e.maven.runtime_3.8.604.20221130-2149\jars\commons-cli-1.4.jar
2023-11-02 21:18:27,754 [Worker-9: Launching gestaofinanceiraacademia] INFO  o.eclipse.m2e.core.internal.Bundles - 	Entry: C:\Users\Peu_o\.p2\pool\plugins\org.eclipse.m2e.maven.runtime_3.8.604.20221130-2149\jars\commons-io-2.6.jar
2023-11-02 21:18:27,754 [Worker-9: Launching gestaofinanceiraacademia] INFO  o.eclipse.m2e.core.internal.Bundles - 	Entry: C:\Users\Peu_o\.p2\pool\plugins\org.eclipse.m2e.maven.runtime_3.8.604.20221130-2149\jars\commons-lang3-3.8.1.jar
2023-11-02 21:18:27,755 [Worker-9: Launching gestaofinanceiraacademia] INFO  o.eclipse.m2e.core.internal.Bundles - 	Entry: C:\Users\Peu_o\.p2\pool\plugins\org.eclipse.m2e.maven.runtime_3.8.604.20221130-2149\jars\guice-4.2.2-no_aop.jar
2023-11-02 21:18:27,755 [Worker-9: Launching gestaofinanceiraacademia] INFO  o.eclipse.m2e.core.internal.Bundles - 	Entry: C:\Users\Peu_o\.p2\pool\plugins\org.eclipse.m2e.maven.runtime_3.8.604.20221130-2149\jars\jansi-2.4.0.jar
2023-11-02 21:18:27,755 [Worker-9: Launching gestaofinanceiraacademia] INFO  o.eclipse.m2e.core.internal.Bundles - 	Entry: C:\Users\Peu_o\.p2\pool\plugins\org.eclipse.m2e.maven.runtime_3.8.604.20221130-2149\jars\maven-artifact-3.8.6.jar
2023-11-02 21:18:27,756 [Worker-9: Launching gestaofinanceiraacademia] INFO  o.eclipse.m2e.core.internal.Bundles - 	Entry: C:\Users\Peu_o\.p2\pool\plugins\org.eclipse.m2e.maven.runtime_3.8.604.20221130-2149\jars\maven-builder-support-3.8.6.jar
2023-11-02 21:18:27,756 [Worker-9: Launching gestaofinanceiraacademia] INFO  o.eclipse.m2e.core.internal.Bundles - 	Entry: C:\Users\Peu_o\.p2\pool\plugins\org.eclipse.m2e.maven.runtime_3.8.604.20221130-2149\jars\maven-compat-3.8.6.jar
2023-11-02 21:18:27,756 [Worker-9: Launching gestaofinanceiraacademia] INFO  o.eclipse.m2e.core.internal.Bundles - 	Entry: C:\Users\Peu_o\.p2\pool\plugins\org.eclipse.m2e.maven.runtime_3.8.604.20221130-2149\jars\maven-core-3.8.6.jar
2023-11-02 21:18:27,756 [Worker-9: Launching gestaofinanceiraacademia] INFO  o.eclipse.m2e.core.internal.Bundles - 	Entry: C:\Users\Peu_o\.p2\pool\plugins\org.eclipse.m2e.maven.runtime_3.8.604.20221130-2149\jars\maven-embedder-3.8.6.jar
2023-11-02 21:18:27,756 [Worker-9: Launching gestaofinanceiraacademia] INFO  o.eclipse.m2e.core.internal.Bundles - 	Entry: C:\Users\Peu_o\.p2\pool\plugins\org.eclipse.m2e.maven.runtime_3.8.604.20221130-2149\jars\maven-model-3.8.6.jar
2023-11-02 21:18:27,757 [Worker-9: Launching gestaofinanceiraacademia] INFO  o.eclipse.m2e.core.internal.Bundles - 	Entry: C:\Users\Peu_o\.p2\pool\plugins\org.eclipse.m2e.maven.runtime_3.8.604.20221130-2149\jars\maven-model-builder-3.8.6.jar
2023-11-02 21:18:27,757 [Worker-9: Launching gestaofinanceiraacademia] INFO  o.eclipse.m2e.core.internal.Bundles - 	Entry: C:\Users\Peu_o\.p2\pool\plugins\org.eclipse.m2e.maven.runtime_3.8.604.20221130-2149\jars\maven-plugin-api-3.8.6.jar
2023-11-02 21:18:27,757 [Worker-9: Launching gestaofinanceiraacademia] INFO  o.eclipse.m2e.core.internal.Bundles - 	Entry: C:\Users\Peu_o\.p2\pool\plugins\org.eclipse.m2e.maven.runtime_3.8.604.20221130-2149\jars\maven-repository-metadata-3.8.6.jar
2023-11-02 21:18:27,757 [Worker-9: Launching gestaofinanceiraacademia] INFO  o.eclipse.m2e.core.internal.Bundles - 	Entry: C:\Users\Peu_o\.p2\pool\plugins\org.eclipse.m2e.maven.runtime_3.8.604.20221130-2149\jars\maven-resolver-api-1.6.3.jar
2023-11-02 21:18:27,757 [Worker-9: Launching gestaofinanceiraacademia] INFO  o.eclipse.m2e.core.internal.Bundles - 	Entry: C:\Users\Peu_o\.p2\pool\plugins\org.eclipse.m2e.maven.runtime_3.8.604.20221130-2149\jars\maven-resolver-connector-basic-1.6.3.jar
2023-11-02 21:18:27,758 [Worker-9: Launching gestaofinanceiraacademia] INFO  o.eclipse.m2e.core.internal.Bundles - 	Entry: C:\Users\Peu_o\.p2\pool\plugins\org.eclipse.m2e.maven.runtime_3.8.604.20221130-2149\jars\maven-resolver-impl-1.6.3.jar
2023-11-02 21:18:27,758 [Worker-9: Launching gestaofinanceiraacademia] INFO  o.eclipse.m2e.core.internal.Bundles - 	Entry: C:\Users\Peu_o\.p2\pool\plugins\org.eclipse.m2e.maven.runtime_3.8.604.20221130-2149\jars\maven-resolver-provider-3.8.6.jar
2023-11-02 21:18:27,758 [Worker-9: Launching gestaofinanceiraacademia] INFO  o.eclipse.m2e.core.internal.Bundles - 	Entry: C:\Users\Peu_o\.p2\pool\plugins\org.eclipse.m2e.maven.runtime_3.8.604.20221130-2149\jars\maven-resolver-spi-1.6.3.jar
2023-11-02 21:18:27,759 [Worker-9: Launching gestaofinanceiraacademia] INFO  o.eclipse.m2e.core.internal.Bundles - 	Entry: C:\Users\Peu_o\.p2\pool\plugins\org.eclipse.m2e.maven.runtime_3.8.604.20221130-2149\jars\maven-resolver-transport-wagon-1.6.3.jar
2023-11-02 21:18:27,759 [Worker-9: Launching gestaofinanceiraacademia] INFO  o.eclipse.m2e.core.internal.Bundles - 	Entry: C:\Users\Peu_o\.p2\pool\plugins\org.eclipse.m2e.maven.runtime_3.8.604.20221130-2149\jars\maven-resolver-util-1.6.3.jar
2023-11-02 21:18:27,760 [Worker-9: Launching gestaofinanceiraacademia] INFO  o.eclipse.m2e.core.internal.Bundles - 	Entry: C:\Users\Peu_o\.p2\pool\plugins\org.eclipse.m2e.maven.runtime_3.8.604.20221130-2149\jars\maven-settings-3.8.6.jar
2023-11-02 21:18:27,760 [Worker-9: Launching gestaofinanceiraacademia] INFO  o.eclipse.m2e.core.internal.Bundles - 	Entry: C:\Users\Peu_o\.p2\pool\plugins\org.eclipse.m2e.maven.runtime_3.8.604.20221130-2149\jars\maven-settings-builder-3.8.6.jar
2023-11-02 21:18:27,760 [Worker-9: Launching gestaofinanceiraacademia] INFO  o.eclipse.m2e.core.internal.Bundles - 	Entry: C:\Users\Peu_o\.p2\pool\plugins\org.eclipse.m2e.maven.runtime_3.8.604.20221130-2149\jars\maven-shared-utils-3.3.4.jar
2023-11-02 21:18:27,761 [Worker-9: Launching gestaofinanceiraacademia] INFO  o.eclipse.m2e.core.internal.Bundles - 	Entry: C:\Users\Peu_o\.p2\pool\plugins\org.eclipse.m2e.maven.runtime_3.8.604.20221130-2149\jars\okhttp-3.14.1.jar
2023-11-02 21:18:27,761 [Worker-9: Launching gestaofinanceiraacademia] INFO  o.eclipse.m2e.core.internal.Bundles - 	Entry: C:\Users\Peu_o\.p2\pool\plugins\org.eclipse.m2e.maven.runtime_3.8.604.20221130-2149\jars\okio-1.17.3.jar
2023-11-02 21:18:27,761 [Worker-9: Launching gestaofinanceiraacademia] INFO  o.eclipse.m2e.core.internal.Bundles - 	Entry: C:\Users\Peu_o\.p2\pool\plugins\org.eclipse.m2e.maven.runtime_3.8.604.20221130-2149\jars\org.eclipse.sisu.inject-0.3.5.jar
2023-11-02 21:18:27,761 [Worker-9: Launching gestaofinanceiraacademia] INFO  o.eclipse.m2e.core.internal.Bundles - 	Entry: C:\Users\Peu_o\.p2\pool\plugins\org.eclipse.m2e.maven.runtime_3.8.604.20221130-2149\jars\org.eclipse.sisu.plexus-0.3.5.jar
2023-11-02 21:18:27,761 [Worker-9: Launching gestaofinanceiraacademia] INFO  o.eclipse.m2e.core.internal.Bundles - 	Entry: C:\Users\Peu_o\.p2\pool\plugins\org.eclipse.m2e.maven.runtime_3.8.604.20221130-2149\jars\plexus-build-api-0.0.7.jar
2023-11-02 21:18:27,762 [Worker-9: Launching gestaofinanceiraacademia] INFO  o.eclipse.m2e.core.internal.Bundles - 	Entry: C:\Users\Peu_o\.p2\pool\plugins\org.eclipse.m2e.maven.runtime_3.8.604.20221130-2149\jars\plexus-cipher-2.0.jar
2023-11-02 21:18:27,763 [Worker-9: Launching gestaofinanceiraacademia] INFO  o.eclipse.m2e.core.internal.Bundles - 	Entry: C:\Users\Peu_o\.p2\pool\plugins\org.eclipse.m2e.maven.runtime_3.8.604.20221130-2149\jars\plexus-classworlds-2.6.0.jar
2023-11-02 21:18:27,763 [Worker-9: Launching gestaofinanceiraacademia] INFO  o.eclipse.m2e.core.internal.Bundles - 	Entry: C:\Users\Peu_o\.p2\pool\plugins\org.eclipse.m2e.maven.runtime_3.8.604.20221130-2149\jars\plexus-component-annotations-2.1.0.jar
2023-11-02 21:18:27,763 [Worker-9: Launching gestaofinanceiraacademia] INFO  o.eclipse.m2e.core.internal.Bundles - 	Entry: C:\Users\Peu_o\.p2\pool\plugins\org.eclipse.m2e.maven.runtime_3.8.604.20221130-2149\jars\plexus-interpolation-1.26.jar
2023-11-02 21:18:27,763 [Worker-9: Launching gestaofinanceiraacademia] INFO  o.eclipse.m2e.core.internal.Bundles - 	Entry: C:\Users\Peu_o\.p2\pool\plugins\org.eclipse.m2e.maven.runtime_3.8.604.20221130-2149\jars\plexus-sec-dispatcher-2.0.jar
2023-11-02 21:18:27,763 [Worker-9: Launching gestaofinanceiraacademia] INFO  o.eclipse.m2e.core.internal.Bundles - 	Entry: C:\Users\Peu_o\.p2\pool\plugins\org.eclipse.m2e.maven.runtime_3.8.604.20221130-2149\jars\plexus-utils-3.3.1.jar
2023-11-02 21:18:27,764 [Worker-9: Launching gestaofinanceiraacademia] INFO  o.eclipse.m2e.core.internal.Bundles - 	Entry: C:\Users\Peu_o\.p2\pool\plugins\org.eclipse.m2e.maven.runtime_3.8.604.20221130-2149\jars\wagon-file-3.5.1.jar
2023-11-02 21:18:27,764 [Worker-9: Launching gestaofinanceiraacademia] INFO  o.eclipse.m2e.core.internal.Bundles - 	Entry: C:\Users\Peu_o\.p2\pool\plugins\org.eclipse.m2e.maven.runtime_3.8.604.20221130-2149\jars\wagon-provider-api-3.5.1.jar
2023-11-02 21:18:27,766 [Worker-9: Launching gestaofinanceiraacademia] INFO  o.eclipse.m2e.core.internal.Bundles - getClasspathEntries(Bundle=com.google.guava_30.1.0.v20221112-0806 [10])
2023-11-02 21:18:27,768 [Worker-9: Launching gestaofinanceiraacademia] INFO  o.eclipse.m2e.core.internal.Bundles - 	Entry: C:\Users\Peu_o\.p2\pool\plugins\com.google.guava_30.1.0.v20221112-0806.jar
2023-11-02 21:18:27,769 [Worker-9: Launching gestaofinanceiraacademia] INFO  o.eclipse.m2e.core.internal.Bundles - getClasspathEntries(Bundle=slf4j.api_1.7.36 [915])
2023-11-02 21:18:27,770 [Worker-9: Launching gestaofinanceiraacademia] INFO  o.eclipse.m2e.core.internal.Bundles - 	Entry: C:\Users\Peu_o\.p2\pool\plugins\slf4j.api_1.7.36.jar
2023-11-02 21:18:27,770 [Worker-9: Launching gestaofinanceiraacademia] INFO  o.eclipse.m2e.core.internal.Bundles - getClasspathEntries(Bundle=javax.inject_1.0.0.v20220405-0441 [32])
2023-11-02 21:18:27,772 [Worker-9: Launching gestaofinanceiraacademia] INFO  o.eclipse.m2e.core.internal.Bundles - 	Entry: C:\Users\Peu_o\.p2\pool\plugins\javax.inject_1.0.0.v20220405-0441.jar
2023-11-02 21:18:27,772 [Worker-9: Launching gestaofinanceiraacademia] INFO  o.eclipse.m2e.core.internal.Bundles - getClasspathEntries(Bundle=javax.annotation_1.3.5.v20221112-0806 [30])
2023-11-02 21:18:27,774 [Worker-9: Launching gestaofinanceiraacademia] INFO  o.eclipse.m2e.core.internal.Bundles - 	Entry: C:\Users\Peu_o\.p2\pool\plugins\javax.annotation_1.3.5.v20221112-0806.jar
2023-11-02 21:18:27,778 [Worker-9: Launching gestaofinanceiraacademia] INFO  o.e.m.i.launch.MavenLaunchDelegate - Run build in "C:\Users\Peu_o\Downloads\gestaofinanceiraacademia\gestaofinanceiraacademia":
2023-11-02 21:18:27,779 [Worker-9: Launching gestaofinanceiraacademia] INFO  o.e.m.i.launch.MavenLaunchDelegate -  mvn  -B -Dstyle.color=always 
2023-11-02 21:18:53,013 [Worker-7: Updating Maven Project] INFO  o.e.m.c.i.p.ProjectConfigurationManager - Update started
2023-11-02 21:18:53,251 [Worker-7: Updating Maven Project] INFO  o.e.m.c.i.l.LifecycleMappingFactory - Using org.eclipse.m2e.jdt.JarLifecycleMapping lifecycle mapping for MavenProject: br.com.sistemagestaoacademia:gestaofinanceiraacademia:0.0.1-SNAPSHOT @ C:\Users\Peu_o\Downloads\gestaofinanceiraacademia\gestaofinanceiraacademia\pom.xml.
2023-11-02 21:18:53,641 [Worker-7: Updating Maven Project] INFO  o.e.m.j.i.AbstractJavaProjectConfigurator - Adding source folder /gestaofinanceiraacademia/src/main/java
2023-11-02 21:18:53,642 [Worker-7: Updating Maven Project] INFO  o.e.m.j.i.AbstractJavaProjectConfigurator - Adding resource folder /gestaofinanceiraacademia/src/main/resources
2023-11-02 21:18:53,643 [Worker-7: Updating Maven Project] INFO  o.e.m.j.i.AbstractJavaProjectConfigurator - Adding resource folder /gestaofinanceiraacademia/src/main/resources
2023-11-02 21:18:53,644 [Worker-7: Updating Maven Project] INFO  o.e.m.j.i.AbstractJavaProjectConfigurator - Adding source folder /gestaofinanceiraacademia/src/test/java
2023-11-02 21:18:53,876 [Worker-7: Updating Maven Project] INFO  o.e.m.c.i.p.ProjectConfigurationManager - Update completed for 1 poms: local refresh takes 0,00 sec, refresh facades takes 0,00 sec, update config takes 0,00 sec 
2023-11-02 21:21:21,188 [Worker-2: Launching Executing install in C__Users_Peu_o_Downloads_gestaofinanceiraacademia_gestaofinanceiraacademia] INFO  o.e.m.i.launch.MavenLaunchDelegate - Run build in "C:\Users\Peu_o\Downloads\gestaofinanceiraacademia\gestaofinanceiraacademia":
2023-11-02 21:21:21,188 [Worker-2: Launching Executing install in C__Users_Peu_o_Downloads_gestaofinanceiraacademia_gestaofinanceiraacademia] INFO  o.e.m.i.launch.MavenLaunchDelegate -  mvn  -B -Dstyle.color=always install
2023-11-02 21:22:08,338 [Worker-7: Launching Executing install in C__Users_Peu_o_Downloads_gestaofinanceiraacademia_gestaofinanceiraacademia] INFO  o.e.m.i.launch.MavenLaunchDelegate - Run build in "C:\Users\Peu_o\Downloads\gestaofinanceiraacademia\gestaofinanceiraacademia":
2023-11-02 21:22:08,338 [Worker-7: Launching Executing install in C__Users_Peu_o_Downloads_gestaofinanceiraacademia_gestaofinanceiraacademia] INFO  o.e.m.i.launch.MavenLaunchDelegate -  mvn  -B -Dstyle.color=always install
